[22:46:28] [ServerMain/INFO]: [bootstrap] Running Java 21 (OpenJDK 64-Bit Server VM 21.0.7+6-Ubuntu-0ubuntu124.04; Ubuntu null) on Linux 6.8.0-1027-azure (amd64)
[22:46:28] [ServerMain/INFO]: [bootstrap] Loading Paper 1.21.1-57-master@b483da4 (2024-09-01T18:09:05Z) for Minecraft 1.21.1
[22:46:28] [ServerMain/INFO]: [PluginInitializerManager] Initializing plugins...
[22:46:29] [ServerMain/INFO]: [PluginInitializerManager] Initialized 0 plugins
[22:46:35] [ServerMain/INFO]: Environment: Environment[sessionHost=https://sessionserver.mojang.com, servicesHost=https://api.minecraftservices.com, name=PROD]
[22:46:37] [ServerMain/INFO]: Loaded 1290 recipes
[22:46:37] [ServerMain/INFO]: Loaded 1399 advancements
[22:46:38] [Server thread/INFO]: Starting minecraft server version 1.21.1
[22:46:38] [Server thread/INFO]: Loading properties
[22:46:38] [Server thread/INFO]: This server is running Paper version 1.21.1-57-master@b483da4 (2024-09-01T18:09:05Z) (Implementing API version 1.21.1-R0.1-SNAPSHOT)
[22:46:38] [Server thread/INFO]: [spark] This server bundles the spark profiler. For more information please visit https://docs.papermc.io/paper/profiling
[22:46:39] [Server thread/INFO]: Server Ping Player Sample Count: 12
[22:46:39] [Server thread/INFO]: Using 4 threads for Netty based IO
[22:46:39] [Server thread/INFO]: [ChunkTaskScheduler] Chunk system is using 1 I/O threads, 1 worker threads, and population gen parallelism of 1 threads
[22:46:39] [Server thread/INFO]: Default game type: SURVIVAL
[22:46:39] [Server thread/INFO]: Generating keypair
[22:46:40] [Server thread/INFO]: Starting Minecraft server on *:25565
[22:46:40] [Server thread/INFO]: Using epoll channel type
[22:46:40] [Server thread/INFO]: Paper: Using libdeflate (Linux x86_64) compression from Velocity.
[22:46:40] [Server thread/INFO]: Paper: Using OpenSSL 3.0.x (Linux x86_64) cipher from Velocity.
[22:46:40] [Server thread/INFO]: Server permissions file permissions.yml is empty, ignoring it
[22:46:40] [Server thread/WARN]: **** SERVER IS RUNNING IN OFFLINE/INSECURE MODE!
[22:46:40] [Server thread/WARN]: The server will make no attempt to authenticate usernames. Beware.
[22:46:40] [Server thread/WARN]: While this makes the game possible to play without internet access, it also opens up the ability for hackers to connect with any username they choose.
[22:46:40] [Server thread/WARN]: To change this, set "online-mode" to "true" in the server.properties file.
[22:46:40] [Server thread/INFO]: Preparing level "world"
[22:46:40] [Server thread/INFO]: Preparing start region for dimension minecraft:overworld
[22:46:42] [Server thread/INFO]: Time elapsed: 1668 ms
[22:46:42] [Server thread/INFO]: Preparing start region for dimension minecraft:the_nether
[22:46:42] [Server thread/INFO]: Time elapsed: 356 ms
[22:46:42] [Server thread/INFO]: Preparing start region for dimension minecraft:the_end
[22:46:42] [Server thread/INFO]: Time elapsed: 127 ms
[22:46:42] [Server thread/INFO]: [spark] Starting background profiler...
[22:46:43] [Server thread/INFO]: Done preparing level "world" (3.007s)
[22:46:43] [Server thread/INFO]: Running delayed init tasks
[22:46:43] [Server thread/INFO]: Done (16.372s)! For help, type "help"
[22:46:43] [Server thread/INFO]: Timings Reset
[22:48:37] [User Authenticator #0/INFO]: UUID of player atrexxx is 1d0bff7e-9e7f-3130-8898-88ee26d2eacf
[22:48:41] [Server thread/INFO]: atrexxx joined the game
[22:48:41] [Server thread/INFO]: atrexxx[/127.244.150.209:54211] logged in with entity id 130 at ([world]353.5, 65.0, 657.5)
[22:48:53] [Server thread/INFO]: atrexxx lost connection: Disconnected
[22:48:53] [Server thread/INFO]: atrexxx left the game
